<?xml version="1.0" encoding="UTF-8"?>
<testsuite xmlns:xsi="http://www.w3.org/2001/XMLSchema-instance" xsi:noNamespaceSchemaLocation="https://maven.apache.org/surefire/maven-surefire-plugin/xsd/surefire-test-report-3.0.xsd" version="3.0" name="com.exercicis.TestExercici0" time="0.24" tests="35" errors="0" skipped="0" failures="8">
  <properties>
    <property name="java.specification.version" value="23"/>
    <property name="sun.cpu.isalist" value="amd64"/>
    <property name="sun.jnu.encoding" value="Cp1252"/>
    <property name="java.class.path" value="E:\Deures01_Programaci-\Deures01\target\test-classes;E:\Deures01_Programaci-\Deures01\target\classes;C:\Users\bimar\.m2\repository\org\openjfx\javafx-controls\20\javafx-controls-20.jar;C:\Users\bimar\.m2\repository\org\openjfx\javafx-controls\20\javafx-controls-20-win.jar;C:\Users\bimar\.m2\repository\org\openjfx\javafx-fxml\20\javafx-fxml-20.jar;C:\Users\bimar\.m2\repository\org\openjfx\javafx-fxml\20\javafx-fxml-20-win.jar;C:\Users\bimar\.m2\repository\org\openjfx\javafx-base\20\javafx-base-20.jar;C:\Users\bimar\.m2\repository\org\openjfx\javafx-base\20\javafx-base-20-win.jar;C:\Users\bimar\.m2\repository\org\openjfx\javafx-graphics\20\javafx-graphics-20.jar;C:\Users\bimar\.m2\repository\org\openjfx\javafx-graphics\20\javafx-graphics-20-win.jar;C:\Users\bimar\.m2\repository\org\java-websocket\Java-WebSocket\1.5.3\Java-WebSocket-1.5.3.jar;C:\Users\bimar\.m2\repository\org\json\json\20240303\json-20240303.jar;C:\Users\bimar\.m2\repository\org\xerial\sqlite-jdbc\3.47.0.0\sqlite-jdbc-3.47.0.0.jar;C:\Users\bimar\.m2\repository\org\slf4j\slf4j-api\2.0.3\slf4j-api-2.0.3.jar;C:\Users\bimar\.m2\repository\org\slf4j\slf4j-simple\2.0.3\slf4j-simple-2.0.3.jar;C:\Users\bimar\.m2\repository\org\jline\jline\3.21.0\jline-3.21.0.jar;C:\Users\bimar\.m2\repository\org\junit\jupiter\junit-jupiter-api\5.10.2\junit-jupiter-api-5.10.2.jar;C:\Users\bimar\.m2\repository\org\opentest4j\opentest4j\1.3.0\opentest4j-1.3.0.jar;C:\Users\bimar\.m2\repository\org\junit\platform\junit-platform-commons\1.10.2\junit-platform-commons-1.10.2.jar;C:\Users\bimar\.m2\repository\org\apiguardian\apiguardian-api\1.1.2\apiguardian-api-1.1.2.jar;C:\Users\bimar\.m2\repository\org\junit\jupiter\junit-jupiter-engine\5.10.2\junit-jupiter-engine-5.10.2.jar;C:\Users\bimar\.m2\repository\org\junit\platform\junit-platform-engine\1.10.2\junit-platform-engine-1.10.2.jar;C:\Users\bimar\.m2\repository\com\github\stefanbirkner\system-lambda\1.2.1\system-lambda-1.2.1.jar;"/>
    <property name="java.vm.vendor" value="Oracle Corporation"/>
    <property name="sun.arch.data.model" value="64"/>
    <property name="user.variant" value=""/>
    <property name="java.vendor.url" value="https://java.oracle.com/"/>
    <property name="user.timezone" value="Europe/Madrid"/>
    <property name="os.name" value="Windows 10"/>
    <property name="java.vm.specification.version" value="23"/>
    <property name="sun.java.launcher" value="SUN_STANDARD"/>
    <property name="user.country" value="ES"/>
    <property name="sun.boot.library.path" value="C:\Program Files\Java\jdk-23\bin"/>
    <property name="sun.java.command" value="C:\Users\bimar\AppData\Local\Temp\surefire16597305645710474914\surefirebooter-20241231154825353_3.jar C:\Users\bimar\AppData\Local\Temp\surefire16597305645710474914 2024-12-31T15-48-25_195-jvmRun1 surefire-20241231154825353_1tmp surefire_0-20241231154825353_2tmp"/>
    <property name="jdk.debug" value="release"/>
    <property name="test" value="com.exercicis.TestExercici0"/>
    <property name="surefire.test.class.path" value="E:\Deures01_Programaci-\Deures01\target\test-classes;E:\Deures01_Programaci-\Deures01\target\classes;C:\Users\bimar\.m2\repository\org\openjfx\javafx-controls\20\javafx-controls-20.jar;C:\Users\bimar\.m2\repository\org\openjfx\javafx-controls\20\javafx-controls-20-win.jar;C:\Users\bimar\.m2\repository\org\openjfx\javafx-fxml\20\javafx-fxml-20.jar;C:\Users\bimar\.m2\repository\org\openjfx\javafx-fxml\20\javafx-fxml-20-win.jar;C:\Users\bimar\.m2\repository\org\openjfx\javafx-base\20\javafx-base-20.jar;C:\Users\bimar\.m2\repository\org\openjfx\javafx-base\20\javafx-base-20-win.jar;C:\Users\bimar\.m2\repository\org\openjfx\javafx-graphics\20\javafx-graphics-20.jar;C:\Users\bimar\.m2\repository\org\openjfx\javafx-graphics\20\javafx-graphics-20-win.jar;C:\Users\bimar\.m2\repository\org\java-websocket\Java-WebSocket\1.5.3\Java-WebSocket-1.5.3.jar;C:\Users\bimar\.m2\repository\org\json\json\20240303\json-20240303.jar;C:\Users\bimar\.m2\repository\org\xerial\sqlite-jdbc\3.47.0.0\sqlite-jdbc-3.47.0.0.jar;C:\Users\bimar\.m2\repository\org\slf4j\slf4j-api\2.0.3\slf4j-api-2.0.3.jar;C:\Users\bimar\.m2\repository\org\slf4j\slf4j-simple\2.0.3\slf4j-simple-2.0.3.jar;C:\Users\bimar\.m2\repository\org\jline\jline\3.21.0\jline-3.21.0.jar;C:\Users\bimar\.m2\repository\org\junit\jupiter\junit-jupiter-api\5.10.2\junit-jupiter-api-5.10.2.jar;C:\Users\bimar\.m2\repository\org\opentest4j\opentest4j\1.3.0\opentest4j-1.3.0.jar;C:\Users\bimar\.m2\repository\org\junit\platform\junit-platform-commons\1.10.2\junit-platform-commons-1.10.2.jar;C:\Users\bimar\.m2\repository\org\apiguardian\apiguardian-api\1.1.2\apiguardian-api-1.1.2.jar;C:\Users\bimar\.m2\repository\org\junit\jupiter\junit-jupiter-engine\5.10.2\junit-jupiter-engine-5.10.2.jar;C:\Users\bimar\.m2\repository\org\junit\platform\junit-platform-engine\1.10.2\junit-platform-engine-1.10.2.jar;C:\Users\bimar\.m2\repository\com\github\stefanbirkner\system-lambda\1.2.1\system-lambda-1.2.1.jar;"/>
    <property name="sun.cpu.endian" value="little"/>
    <property name="user.home" value="C:\Users\bimar"/>
    <property name="user.language" value="es"/>
    <property name="java.specification.vendor" value="Oracle Corporation"/>
    <property name="java.version.date" value="2024-10-15"/>
    <property name="java.home" value="C:\Program Files\Java\jdk-23"/>
    <property name="file.separator" value="\"/>
    <property name="basedir" value="E:\Deures01_Programaci-\Deures01"/>
    <property name="java.vm.compressedOopsMode" value="Zero based"/>
    <property name="line.separator" value="&#10;"/>
    <property name="java.vm.specification.vendor" value="Oracle Corporation"/>
    <property name="java.specification.name" value="Java Platform API Specification"/>
    <property name="surefire.real.class.path" value="C:\Users\bimar\AppData\Local\Temp\surefire16597305645710474914\surefirebooter-20241231154825353_3.jar"/>
    <property name="user.script" value=""/>
    <property name="sun.management.compiler" value="HotSpot 64-Bit Tiered Compilers"/>
    <property name="java.runtime.version" value="23.0.1+11-39"/>
    <property name="user.name" value="bimar"/>
    <property name="stdout.encoding" value="Cp1252"/>
    <property name="path.separator" value=";"/>
    <property name="os.version" value="10.0"/>
    <property name="java.runtime.name" value="Java(TM) SE Runtime Environment"/>
    <property name="file.encoding" value="UTF-8"/>
    <property name="java.vm.name" value="Java HotSpot(TM) 64-Bit Server VM"/>
    <property name="localRepository" value="C:\Users\bimar\.m2\repository"/>
    <property name="java.vendor.url.bug" value="https://bugreport.java.com/bugreport/"/>
    <property name="java.io.tmpdir" value="C:\Users\bimar\AppData\Local\Temp\"/>
    <property name="java.version" value="23.0.1"/>
    <property name="user.dir" value="E:\Deures01_Programaci-\Deures01"/>
    <property name="os.arch" value="amd64"/>
    <property name="java.vm.specification.name" value="Java Virtual Machine Specification"/>
    <property name="sun.os.patch.level" value=""/>
    <property name="native.encoding" value="Cp1252"/>
    <property name="java.library.path" value="C:\Program Files\Java\jdk-23\bin;C:\WINDOWS\Sun\Java\bin;C:\WINDOWS\system32;C:\WINDOWS;C:\Program Files\Common Files\Oracle\Java\javapath;C:\WINDOWS\system32;C:\WINDOWS;C:\WINDOWS\System32\Wbem;C:\WINDOWS\System32\WindowsPowerShell\v1.0\;C:\WINDOWS\System32\OpenSSH\;C:\Program Files (x86)\dotnet\;C:\Program Files\Git\cmd;C:\apache-maven-3.9.9\bin;C:\Users\bimar\AppData\Local\Microsoft\WindowsApps;C:\Users\bimar\AppData\Local\Programs\Microsoft VS Code\bin;C:\Users\bimar\AppData\Local\GitHubDesktop\bin;."/>
    <property name="java.vm.info" value="mixed mode, sharing"/>
    <property name="stderr.encoding" value="Cp1252"/>
    <property name="java.vendor" value="Oracle Corporation"/>
    <property name="java.vm.version" value="23.0.1+11-39"/>
    <property name="sun.io.unicode.encoding" value="UnicodeLittle"/>
    <property name="java.class.version" value="67.0"/>
  </properties>
  <testcase name="testValidarFactors" classname="com.exercicis.TestExercici0" time="0.045">
    <failure message="Els factors &apos;empresa, risc mitjà&apos; haurien de ser vàlids ==&gt; expected: &lt;true&gt; but was: &lt;false&gt;" type="org.opentest4j.AssertionFailedError"><![CDATA[org.opentest4j.AssertionFailedError: Els factors 'empresa, risc mitjà' haurien de ser vàlids ==> expected: <true> but was: <false>
	at org.junit.jupiter.api.AssertionFailureBuilder.build(AssertionFailureBuilder.java:151)
	at org.junit.jupiter.api.AssertionFailureBuilder.buildAndThrow(AssertionFailureBuilder.java:132)
	at org.junit.jupiter.api.AssertEquals.failNotEqual(AssertEquals.java:197)
	at org.junit.jupiter.api.AssertEquals.assertEquals(AssertEquals.java:182)
	at org.junit.jupiter.api.Assertions.assertEquals(Assertions.java:1156)
	at com.exercicis.TestExercici0.testValidarFactors(TestExercici0.java:77)
	at java.base/java.lang.reflect.Method.invoke(Method.java:580)
	at java.base/java.util.ArrayList.forEach(ArrayList.java:1597)
	at java.base/java.util.ArrayList.forEach(ArrayList.java:1597)
]]></failure>
  </testcase>
  <testcase name="testValidarData" classname="com.exercicis.TestExercici0" time="0.001"/>
  <testcase name="testValidarEdat" classname="com.exercicis.TestExercici0" time="0.005"/>
  <testcase name="testValidarPreu" classname="com.exercicis.TestExercici0" time="0.003"/>
  <testcase name="testLlegirFactors" classname="com.exercicis.TestExercici0" time="0.009"/>
  <testcase name="testModificarOperacio" classname="com.exercicis.TestExercici0" time="0.001"/>
  <testcase name="testEsborrarClient" classname="com.exercicis.TestExercici0" time="0.02"/>
  <testcase name="testModificarClient" classname="com.exercicis.TestExercici0" time="0.003">
    <failure message="expected: &lt;OK&gt; but was: &lt;El camp edat no existeix.&gt;" type="org.opentest4j.AssertionFailedError"><![CDATA[org.opentest4j.AssertionFailedError: expected: <OK> but was: <El camp edat no existeix.>
	at org.junit.jupiter.api.AssertionFailureBuilder.build(AssertionFailureBuilder.java:151)
	at org.junit.jupiter.api.AssertionFailureBuilder.buildAndThrow(AssertionFailureBuilder.java:132)
	at org.junit.jupiter.api.AssertEquals.failNotEqual(AssertEquals.java:197)
	at org.junit.jupiter.api.AssertEquals.assertEquals(AssertEquals.java:182)
	at org.junit.jupiter.api.AssertEquals.assertEquals(AssertEquals.java:177)
	at org.junit.jupiter.api.Assertions.assertEquals(Assertions.java:1145)
	at com.exercicis.TestExercici0.testModificarClient(TestExercici0.java:303)
	at java.base/java.lang.reflect.Method.invoke(Method.java:580)
	at java.base/java.util.ArrayList.forEach(ArrayList.java:1597)
	at java.base/java.util.ArrayList.forEach(ArrayList.java:1597)
]]></failure>
  </testcase>
  <testcase name="testLlistarOperacions" classname="com.exercicis.TestExercici0" time="0.003">
    <failure message="expected: &lt;2&gt; but was: &lt;0&gt;" type="org.opentest4j.AssertionFailedError"><![CDATA[org.opentest4j.AssertionFailedError: expected: <2> but was: <0>
	at org.junit.jupiter.api.AssertionFailureBuilder.build(AssertionFailureBuilder.java:151)
	at org.junit.jupiter.api.AssertionFailureBuilder.buildAndThrow(AssertionFailureBuilder.java:132)
	at org.junit.jupiter.api.AssertEquals.failNotEqual(AssertEquals.java:197)
	at org.junit.jupiter.api.AssertEquals.assertEquals(AssertEquals.java:150)
	at org.junit.jupiter.api.AssertEquals.assertEquals(AssertEquals.java:145)
	at org.junit.jupiter.api.Assertions.assertEquals(Assertions.java:531)
	at com.exercicis.TestExercici0.testLlistarOperacions(TestExercici0.java:619)
	at java.base/java.lang.reflect.Method.invoke(Method.java:580)
	at java.base/java.util.ArrayList.forEach(ArrayList.java:1597)
	at java.base/java.util.ArrayList.forEach(ArrayList.java:1597)
]]></failure>
  </testcase>
  <testcase name="testTaulaOperacionsClient0" classname="com.exercicis.TestExercici0" time="0.012">
    <failure message="&gt;&gt;&gt;&gt;&gt;&gt;&gt;&gt;&gt;&gt; Diff found &gt;&gt;&gt;&gt;&gt;&gt;&gt;&gt;&gt;&gt;&#10;Matching text:&#10;Joan, 30                          [autònom, risc mitjà]&#10;-------------------------------------------------------&#10;Tipus                         Data                 Preu&#10;Gestió laboral                2023-09-01         300.00&#10;Declaració d&apos;impostos         2023-10-06         150.00&#10;-------------------------------------------------------&#10;                                           Suma: 450.00&#10;Descompte: 10%                             Preu: 405.00&#10;&#10;First difference at position 486.&#10;Received: Impostos:  21% (85.05)                T&lt;difference&gt;&#10;Expected: Impostos:  21% (85.05)                    Total: 490.05&#10;&lt;&lt;&lt;&lt;&lt;&lt;&lt;&lt;&lt;&lt; Diff end &lt;&lt;&lt;&lt;&lt;&lt;&lt;&lt;&lt;&lt;&#10; ==&gt; expected: &lt;true&gt; but was: &lt;false&gt;" type="org.opentest4j.AssertionFailedError"><![CDATA[org.opentest4j.AssertionFailedError: 
>>>>>>>>>> Diff found >>>>>>>>>>
Matching text:
Joan, 30                          [autònom, risc mitjà]
-------------------------------------------------------
Tipus                         Data                 Preu
Gestió laboral                2023-09-01         300.00
Declaració d'impostos         2023-10-06         150.00
-------------------------------------------------------
                                           Suma: 450.00
Descompte: 10%                             Preu: 405.00

First difference at position 486.
Received: Impostos:  21% (85.05)                T<difference>
Expected: Impostos:  21% (85.05)                    Total: 490.05
<<<<<<<<<< Diff end <<<<<<<<<<
 ==> expected: <true> but was: <false>
	at org.junit.jupiter.api.AssertionFailureBuilder.build(AssertionFailureBuilder.java:151)
	at org.junit.jupiter.api.AssertionFailureBuilder.buildAndThrow(AssertionFailureBuilder.java:132)
	at org.junit.jupiter.api.AssertTrue.failNotTrue(AssertTrue.java:63)
	at org.junit.jupiter.api.AssertTrue.assertTrue(AssertTrue.java:36)
	at org.junit.jupiter.api.Assertions.assertTrue(Assertions.java:214)
	at com.exercicis.TestExercici0.testTaulaOperacionsClient0(TestExercici0.java:768)
	at java.base/java.lang.reflect.Method.invoke(Method.java:580)
	at java.base/java.util.ArrayList.forEach(ArrayList.java:1597)
	at java.base/java.util.ArrayList.forEach(ArrayList.java:1597)
]]></failure>
  </testcase>
  <testcase name="testTaulaOperacionsClient1" classname="com.exercicis.TestExercici0" time="0.003">
    <failure message="&gt;&gt;&gt;&gt;&gt;&gt;&gt;&gt;&gt;&gt; Diff found &gt;&gt;&gt;&gt;&gt;&gt;&gt;&gt;&gt;&gt;&#10;Matching text:&#10;...&#10;Marta Puig i Puig, 45               [empresa, risc alt]&#10;-------------------------------------------------------&#10;Tipus                         Data                 Preu&#10;Constitució de societat       2024-01-15        1250.50&#10;Testament                     2024-02-28         755.75&#10;Acta notarial                 2024-03-10         500.25&#10;-------------------------------------------------------&#10;                                          Suma: 2506.50&#10;Descompte: 10%                            Preu: 2255.85&#10;&#10;First difference at position 540.&#10;Received: Impostos:  21% (473.73)             T&lt;difference&gt;&#10;Expected: Impostos:  21% (473.73)                  Total: 2729.58&#10;&lt;&lt;&lt;&lt;&lt;&lt;&lt;&lt;&lt;&lt; Diff end &lt;&lt;&lt;&lt;&lt;&lt;&lt;&lt;&lt;&lt;&#10; ==&gt; expected: &lt;true&gt; but was: &lt;false&gt;" type="org.opentest4j.AssertionFailedError"><![CDATA[org.opentest4j.AssertionFailedError: 
>>>>>>>>>> Diff found >>>>>>>>>>
Matching text:
...
Marta Puig i Puig, 45               [empresa, risc alt]
-------------------------------------------------------
Tipus                         Data                 Preu
Constitució de societat       2024-01-15        1250.50
Testament                     2024-02-28         755.75
Acta notarial                 2024-03-10         500.25
-------------------------------------------------------
                                          Suma: 2506.50
Descompte: 10%                            Preu: 2255.85

First difference at position 540.
Received: Impostos:  21% (473.73)             T<difference>
Expected: Impostos:  21% (473.73)                  Total: 2729.58
<<<<<<<<<< Diff end <<<<<<<<<<
 ==> expected: <true> but was: <false>
	at org.junit.jupiter.api.AssertionFailureBuilder.build(AssertionFailureBuilder.java:151)
	at org.junit.jupiter.api.AssertionFailureBuilder.buildAndThrow(AssertionFailureBuilder.java:132)
	at org.junit.jupiter.api.AssertTrue.failNotTrue(AssertTrue.java:63)
	at org.junit.jupiter.api.AssertTrue.assertTrue(AssertTrue.java:36)
	at org.junit.jupiter.api.Assertions.assertTrue(Assertions.java:214)
	at com.exercicis.TestExercici0.testTaulaOperacionsClient1(TestExercici0.java:834)
	at java.base/java.lang.reflect.Method.invoke(Method.java:580)
	at java.base/java.util.ArrayList.forEach(ArrayList.java:1597)
	at java.base/java.util.ArrayList.forEach(ArrayList.java:1597)
]]></failure>
  </testcase>
  <testcase name="testTaulaOperacionsClient2" classname="com.exercicis.TestExercici0" time="0.003">
    <failure message="&gt;&gt;&gt;&gt;&gt;&gt;&gt;&gt;&gt;&gt; Diff found &gt;&gt;&gt;&gt;&gt;&gt;&gt;&gt;&gt;&gt;&#10;Matching text:&#10;...&#10;Pere Vila, 25                    [estudiant, risc baix]&#10;-------------------------------------------------------&#10;Tipus                         Data                 Preu&#10;Certificat                    2024-01-10          25.50&#10;Fotocòpia                     2024-01-15          15.25&#10;Segell                        2024-01-20          35.50&#10;-------------------------------------------------------&#10;                                            Suma: 76.25&#10;Descompte: 10%                              Preu: 68.63&#10;&#10;First difference at position 543.&#10;Received: Impostos:  21% (14.41)                 T&lt;difference&gt;&#10;Expected: Impostos:  21% (14.41)                     Total: 83.04&#10;&lt;&lt;&lt;&lt;&lt;&lt;&lt;&lt;&lt;&lt; Diff end &lt;&lt;&lt;&lt;&lt;&lt;&lt;&lt;&lt;&lt;&#10; ==&gt; expected: &lt;true&gt; but was: &lt;false&gt;" type="org.opentest4j.AssertionFailedError"><![CDATA[org.opentest4j.AssertionFailedError: 
>>>>>>>>>> Diff found >>>>>>>>>>
Matching text:
...
Pere Vila, 25                    [estudiant, risc baix]
-------------------------------------------------------
Tipus                         Data                 Preu
Certificat                    2024-01-10          25.50
Fotocòpia                     2024-01-15          15.25
Segell                        2024-01-20          35.50
-------------------------------------------------------
                                            Suma: 76.25
Descompte: 10%                              Preu: 68.63

First difference at position 543.
Received: Impostos:  21% (14.41)                 T<difference>
Expected: Impostos:  21% (14.41)                     Total: 83.04
<<<<<<<<<< Diff end <<<<<<<<<<
 ==> expected: <true> but was: <false>
	at org.junit.jupiter.api.AssertionFailureBuilder.build(AssertionFailureBuilder.java:151)
	at org.junit.jupiter.api.AssertionFailureBuilder.buildAndThrow(AssertionFailureBuilder.java:132)
	at org.junit.jupiter.api.AssertTrue.failNotTrue(AssertTrue.java:63)
	at org.junit.jupiter.api.AssertTrue.assertTrue(AssertTrue.java:36)
	at org.junit.jupiter.api.Assertions.assertTrue(Assertions.java:214)
	at com.exercicis.TestExercici0.testTaulaOperacionsClient2(TestExercici0.java:900)
	at java.base/java.lang.reflect.Method.invoke(Method.java:580)
	at java.base/java.util.ArrayList.forEach(ArrayList.java:1597)
	at java.base/java.util.ArrayList.forEach(ArrayList.java:1597)
]]></failure>
  </testcase>
  <testcase name="testValidarTipusOperacio" classname="com.exercicis.TestExercici0" time="0.001"/>
  <testcase name="testValidarNom" classname="com.exercicis.TestExercici0" time="0.001"/>
  <testcase name="testObtenirOpcio" classname="com.exercicis.TestExercici0" time="0.007">
    <system-out><![CDATA[Selecciona una opció (número o paraula clau): Selecciona una opció (número o paraula clau): Selecciona una opció (número o paraula clau): Selecciona una opció (número o paraula clau): Selecciona una opció (número o paraula clau): Selecciona una opció (número o paraula clau): Selecciona una opció (número o paraula clau): Selecciona una opció (número o paraula clau): Selecciona una opció (número o paraula clau): Selecciona una opció (número o paraula clau): Selecciona una opció (número o paraula clau): Selecciona una opció (número o paraula clau): Selecciona una opció (número o paraula clau): Selecciona una opció (número o paraula clau): ]]></system-out>
  </testcase>
  <testcase name="testGeneraClauOperacio" classname="com.exercicis.TestExercici0" time="0.011"/>
  <testcase name="testDibuixarLlista" classname="com.exercicis.TestExercici0" time="0.001"/>
  <testcase name="testValidarDescompte" classname="com.exercicis.TestExercici0" time="0.001"/>
  <testcase name="testIsAllDigits" classname="com.exercicis.TestExercici0" time="0.004"/>
  <testcase name="testLlistarClientsMenu" classname="com.exercicis.TestExercici0" time="0.002"/>
  <testcase name="testValidarClients" classname="com.exercicis.TestExercici0" time="0.002"/>
  <testcase name="testLlistarOperacionsClient" classname="com.exercicis.TestExercici0" time="0.002"/>
  <testcase name="testLlegirDescompte" classname="com.exercicis.TestExercici0" time="0.003"/>
  <testcase name="testGetCadenesMenu" classname="com.exercicis.TestExercici0" time="0.002"/>
  <testcase name="testModificarClientMenu" classname="com.exercicis.TestExercici0" time="0.003">
    <failure message="Per l&apos;entrada &apos;client_100\nnom\nMaria\n&apos; a la línia 2:&#10;&gt;&gt;&gt;&gt;&gt;&gt;&gt;&gt;&gt;&gt; Diff found &gt;&gt;&gt;&gt;&gt;&gt;&gt;&gt;&gt;&gt;&#10;First difference at position 0.&#10;Received: E&lt;difference&gt;&#10;Expected: S&apos;ha modificat el client client_100.&#10;&#10;&lt;&lt;&lt;&lt;&lt;&lt;&lt;&lt;&lt;&lt; Diff end &lt;&lt;&lt;&lt;&lt;&lt;&lt;&lt;&lt;&lt;&#10; ==&gt; expected: &lt;true&gt; but was: &lt;false&gt;" type="org.opentest4j.AssertionFailedError"><![CDATA[org.opentest4j.AssertionFailedError: 
Per l'entrada 'client_100\nnom\nMaria\n' a la línia 2:
>>>>>>>>>> Diff found >>>>>>>>>>
First difference at position 0.
Received: E<difference>
Expected: S'ha modificat el client client_100.

<<<<<<<<<< Diff end <<<<<<<<<<
 ==> expected: <true> but was: <false>
	at org.junit.jupiter.api.AssertionFailureBuilder.build(AssertionFailureBuilder.java:151)
	at org.junit.jupiter.api.AssertionFailureBuilder.buildAndThrow(AssertionFailureBuilder.java:132)
	at org.junit.jupiter.api.AssertTrue.failNotTrue(AssertTrue.java:63)
	at org.junit.jupiter.api.AssertTrue.assertTrue(AssertTrue.java:36)
	at org.junit.jupiter.api.Assertions.assertTrue(Assertions.java:214)
	at com.exercicis.TestExercici0.testModificarClientMenu(TestExercici0.java:1351)
	at java.base/java.lang.reflect.Method.invoke(Method.java:580)
	at java.base/java.util.ArrayList.forEach(ArrayList.java:1597)
	at java.base/java.util.ArrayList.forEach(ArrayList.java:1597)
]]></failure>
  </testcase>
  <testcase name="testLlegirNom" classname="com.exercicis.TestExercici0" time="0.003"/>
  <testcase name="testAfegirClient" classname="com.exercicis.TestExercici0" time="0.001"/>
  <testcase name="testEsborrarOperacio" classname="com.exercicis.TestExercici0" time="0.001"/>
  <testcase name="testAfegirClientMenu" classname="com.exercicis.TestExercici0" time="0.003"/>
  <testcase name="testLlistarClients" classname="com.exercicis.TestExercici0" time="0.001"/>
  <testcase name="testAfegirOperacio" classname="com.exercicis.TestExercici0" time="0.001"/>
  <testcase name="testEsborrarClientMenu" classname="com.exercicis.TestExercici0" time="0.002"/>
  <testcase name="testLlegirEdat" classname="com.exercicis.TestExercici0" time="0.002">
    <failure message="Per l&apos;entrada &apos;17\n30\n&apos;: No s&apos;ha trobat el missatge d&apos;error esperat.&#10;Sortida capturada:&#10;Introdueix l&apos;edat del client (18-100): Edat no vàlida: Introdueix un número entre 18 i 100.&#10;Introdueix l&apos;edat del client (18-100):  ==&gt; expected: &lt;true&gt; but was: &lt;false&gt;" type="org.opentest4j.AssertionFailedError"><![CDATA[org.opentest4j.AssertionFailedError: 
Per l'entrada '17\n30\n': No s'ha trobat el missatge d'error esperat.
Sortida capturada:
Introdueix l'edat del client (18-100): Edat no vàlida: Introdueix un número entre 18 i 100.
Introdueix l'edat del client (18-100):  ==> expected: <true> but was: <false>
	at org.junit.jupiter.api.AssertionFailureBuilder.build(AssertionFailureBuilder.java:151)
	at org.junit.jupiter.api.AssertionFailureBuilder.buildAndThrow(AssertionFailureBuilder.java:132)
	at org.junit.jupiter.api.AssertTrue.failNotTrue(AssertTrue.java:63)
	at org.junit.jupiter.api.AssertTrue.assertTrue(AssertTrue.java:36)
	at org.junit.jupiter.api.Assertions.assertTrue(Assertions.java:214)
	at com.exercicis.TestExercici0.testLlegirEdat(TestExercici0.java:1116)
	at java.base/java.lang.reflect.Method.invoke(Method.java:580)
	at java.base/java.util.ArrayList.forEach(ArrayList.java:1597)
	at java.base/java.util.ArrayList.forEach(ArrayList.java:1597)
]]></failure>
  </testcase>
  <testcase name="testGeneraClauClient" classname="com.exercicis.TestExercici0" time="0.01"/>
  <testcase name="testAlineaColumnes" classname="com.exercicis.TestExercici0" time="0.0"/>
</testsuite>