<?xml version="1.0" encoding="UTF-8"?>
<testsuite xmlns:xsi="http://www.w3.org/2001/XMLSchema-instance" xsi:noNamespaceSchemaLocation="https://maven.apache.org/surefire/maven-surefire-plugin/xsd/surefire-test-report-3.0.xsd" version="3.0" name="com.exercicis.TestExercici0" time="0.24" tests="35" errors="0" skipped="0" failures="8">
  <properties>
[...]
</properties>
  <testcase name="testValidarFactors" classname="com.exercicis.TestExercici0" time="0.045">
    <failure message="Els factors &apos;empresa, risc mitjà&apos; haurien de ser vàlids ==&gt; expected: &lt;true&gt; but was: &lt;false&gt;" type="org.opentest4j.AssertionFailedError"><![CDATA[org.opentest4j.AssertionFailedError: Els factors 'empresa, risc mitjà' haurien de ser vàlids ==> expected: <true> but was: <false>
	at org.junit.jupiter.api.AssertionFailureBuilder.build(AssertionFailureBuilder.java:151)
	at org.junit.jupiter.api.AssertionFailureBuilder.buildAndThrow(AssertionFailureBuilder.java:132)
	at org.junit.jupiter.api.AssertEquals.failNotEqual(AssertEquals.java:197)
	at org.junit.jupiter.api.AssertEquals.assertEquals(AssertEquals.java:182)
	at org.junit.jupiter.api.Assertions.assertEquals(Assertions.java:1156)
	at com.exercicis.TestExercici0.testValidarFactors(TestExercici0.java:77)
	at java.base/java.lang.reflect.Method.invoke(Method.java:580)
	at java.base/java.util.ArrayList.forEach(ArrayList.java:1597)
	at java.base/java.util.ArrayList.forEach(ArrayList.java:1597)
]]></failure>
  </testcase>
  <testcase name="testValidarData" classname="com.exercicis.TestExercici0" time="0.001"/>
  <testcase name="testValidarEdat" classname="com.exercicis.TestExercici0" time="0.005"/>
  <testcase name="testValidarPreu" classname="com.exercicis.TestExercici0" time="0.003"/>
  <testcase name="testLlegirFactors" classname="com.exercicis.TestExercici0" time="0.009"/>
  <testcase name="testModificarOperacio" classname="com.exercicis.TestExercici0" time="0.001"/>
  <testcase name="testEsborrarClient" classname="com.exercicis.TestExercici0" time="0.02"/>
  <testcase name="testModificarClient" classname="com.exercicis.TestExercici0" time="0.003">
    <failure message="expected: &lt;OK&gt; but was: &lt;El camp edat no existeix.&gt;" type="org.opentest4j.AssertionFailedError"><![CDATA[org.opentest4j.AssertionFailedError: expected: <OK> but was: <El camp edat no existeix.>
	at org.junit.jupiter.api.AssertionFailureBuilder.build(AssertionFailureBuilder.java:151)
	at org.junit.jupiter.api.AssertionFailureBuilder.buildAndThrow(AssertionFailureBuilder.java:132)
	at org.junit.jupiter.api.AssertEquals.failNotEqual(AssertEquals.java:197)
	at org.junit.jupiter.api.AssertEquals.assertEquals(AssertEquals.java:182)
	at org.junit.jupiter.api.AssertEquals.assertEquals(AssertEquals.java:177)
	at org.junit.jupiter.api.Assertions.assertEquals(Assertions.java:1145)
	at com.exercicis.TestExercici0.testModificarClient(TestExercici0.java:303)
	at java.base/java.lang.reflect.Method.invoke(Method.java:580)
	at java.base/java.util.ArrayList.forEach(ArrayList.java:1597)
	at java.base/java.util.ArrayList.forEach(ArrayList.java:1597)
]]></failure>
  </testcase>
  <testcase name="testLlistarOperacions" classname="com.exercicis.TestExercici0" time="0.003">
    <failure message="expected: &lt;2&gt; but was: &lt;0&gt;" type="org.opentest4j.AssertionFailedError"><![CDATA[org.opentest4j.AssertionFailedError: expected: <2> but was: <0>
	at org.junit.jupiter.api.AssertionFailureBuilder.build(AssertionFailureBuilder.java:151)
	at org.junit.jupiter.api.AssertionFailureBuilder.buildAndThrow(AssertionFailureBuilder.java:132)
	at org.junit.jupiter.api.AssertEquals.failNotEqual(AssertEquals.java:197)
	at org.junit.jupiter.api.AssertEquals.assertEquals(AssertEquals.java:150)
	at org.junit.jupiter.api.AssertEquals.assertEquals(AssertEquals.java:145)
	at org.junit.jupiter.api.Assertions.assertEquals(Assertions.java:531)
	at com.exercicis.TestExercici0.testLlistarOperacions(TestExercici0.java:619)
	at java.base/java.lang.reflect.Method.invoke(Method.java:580)
	at java.base/java.util.ArrayList.forEach(ArrayList.java:1597)
	at java.base/java.util.ArrayList.forEach(ArrayList.java:1597)
]]></failure>
  </testcase>
  <testcase name="testTaulaOperacionsClient0" classname="com.exercicis.TestExercici0" time="0.012">
    <failure message="&gt;&gt;&gt;&gt;&gt;&gt;&gt;&gt;&gt;&gt; Diff found &gt;&gt;&gt;&gt;&gt;&gt;&gt;&gt;&gt;&gt;&#10;Matching text:&#10;Joan, 30                          [autònom, risc mitjà]&#10;-------------------------------------------------------&#10;Tipus                         Data                 Preu&#10;Gestió laboral                2023-09-01         300.00&#10;Declaració d&apos;impostos         2023-10-06         150.00&#10;-------------------------------------------------------&#10;                                           Suma: 450.00&#10;Descompte: 10%                             Preu: 405.00&#10;&#10;First difference at position 486.&#10;Received: Impostos:  21% (85.05)                T&lt;difference&gt;&#10;Expected: Impostos:  21% (85.05)                    Total: 490.05&#10;&lt;&lt;&lt;&lt;&lt;&lt;&lt;&lt;&lt;&lt; Diff end &lt;&lt;&lt;&lt;&lt;&lt;&lt;&lt;&lt;&lt;&#10; ==&gt; expected: &lt;true&gt; but was: &lt;false&gt;" type="org.opentest4j.AssertionFailedError"><![CDATA[org.opentest4j.AssertionFailedError: 
>>>>>>>>>> Diff found >>>>>>>>>>
Matching text:
Joan, 30                          [autònom, risc mitjà]
-------------------------------------------------------
Tipus                         Data                 Preu
Gestió laboral                2023-09-01         300.00
Declaració d'impostos         2023-10-06         150.00
-------------------------------------------------------
                                           Suma: 450.00
Descompte: 10%                             Preu: 405.00

First difference at position 486.
Received: Impostos:  21% (85.05)                T<difference>
Expected: Impostos:  21% (85.05)                    Total: 490.05
<<<<<<<<<< Diff end <<<<<<<<<<
 ==> expected: <true> but was: <false>
	at org.junit.jupiter.api.AssertionFailureBuilder.build(AssertionFailureBuilder.java:151)
	at org.junit.jupiter.api.AssertionFailureBuilder.buildAndThrow(AssertionFailureBuilder.java:132)
	at org.junit.jupiter.api.AssertTrue.failNotTrue(AssertTrue.java:63)
	at org.junit.jupiter.api.AssertTrue.assertTrue(AssertTrue.java:36)
	at org.junit.jupiter.api.Assertions.assertTrue(Assertions.java:214)
	at com.exercicis.TestExercici0.testTaulaOperacionsClient0(TestExercici0.java:768)
	at java.base/java.lang.reflect.Method.invoke(Method.java:580)
	at java.base/java.util.ArrayList.forEach(ArrayList.java:1597)
	at java.base/java.util.ArrayList.forEach(ArrayList.java:1597)
]]></failure>
  </testcase>
  <testcase name="testTaulaOperacionsClient1" classname="com.exercicis.TestExercici0" time="0.003">
    <failure message="&gt;&gt;&gt;&gt;&gt;&gt;&gt;&gt;&gt;&gt; Diff found &gt;&gt;&gt;&gt;&gt;&gt;&gt;&gt;&gt;&gt;&#10;Matching text:&#10;...&#10;Marta Puig i Puig, 45               [empresa, risc alt]&#10;-------------------------------------------------------&#10;Tipus                         Data                 Preu&#10;Constitució de societat       2024-01-15        1250.50&#10;Testament                     2024-02-28         755.75&#10;Acta notarial                 2024-03-10         500.25&#10;-------------------------------------------------------&#10;                                          Suma: 2506.50&#10;Descompte: 10%                            Preu: 2255.85&#10;&#10;First difference at position 540.&#10;Received: Impostos:  21% (473.73)             T&lt;difference&gt;&#10;Expected: Impostos:  21% (473.73)                  Total: 2729.58&#10;&lt;&lt;&lt;&lt;&lt;&lt;&lt;&lt;&lt;&lt; Diff end &lt;&lt;&lt;&lt;&lt;&lt;&lt;&lt;&lt;&lt;&#10; ==&gt; expected: &lt;true&gt; but was: &lt;false&gt;" type="org.opentest4j.AssertionFailedError"><![CDATA[org.opentest4j.AssertionFailedError: 
>>>>>>>>>> Diff found >>>>>>>>>>
Matching text:
...
Marta Puig i Puig, 45               [empresa, risc alt]
-------------------------------------------------------
Tipus                         Data                 Preu
Constitució de societat       2024-01-15        1250.50
Testament                     2024-02-28         755.75
Acta notarial                 2024-03-10         500.25
-------------------------------------------------------
                                          Suma: 2506.50
Descompte: 10%                            Preu: 2255.85

First difference at position 540.
Received: Impostos:  21% (473.73)             T<difference>
Expected: Impostos:  21% (473.73)                  Total: 2729.58
<<<<<<<<<< Diff end <<<<<<<<<<
 ==> expected: <true> but was: <false>
	at org.junit.jupiter.api.AssertionFailureBuilder.build(AssertionFailureBuilder.java:151)
	at org.junit.jupiter.api.AssertionFailureBuilder.buildAndThrow(AssertionFailureBuilder.java:132)
	at org.junit.jupiter.api.AssertTrue.failNotTrue(AssertTrue.java:63)
	at org.junit.jupiter.api.AssertTrue.assertTrue(AssertTrue.java:36)
	at org.junit.jupiter.api.Assertions.assertTrue(Assertions.java:214)
	at com.exercicis.TestExercici0.testTaulaOperacionsClient1(TestExercici0.java:834)
	at java.base/java.lang.reflect.Method.invoke(Method.java:580)
	at java.base/java.util.ArrayList.forEach(ArrayList.java:1597)
	at java.base/java.util.ArrayList.forEach(ArrayList.java:1597)
]]></failure>
  </testcase>
  <testcase name="testTaulaOperacionsClient2" classname="com.exercicis.TestExercici0" time="0.003">
    <failure message="&gt;&gt;&gt;&gt;&gt;&gt;&gt;&gt;&gt;&gt; Diff found &gt;&gt;&gt;&gt;&gt;&gt;&gt;&gt;&gt;&gt;&#10;Matching text:&#10;...&#10;Pere Vila, 25                    [estudiant, risc baix]&#10;-------------------------------------------------------&#10;Tipus                         Data                 Preu&#10;Certificat                    2024-01-10          25.50&#10;Fotocòpia                     2024-01-15          15.25&#10;Segell                        2024-01-20          35.50&#10;-------------------------------------------------------&#10;                                            Suma: 76.25&#10;Descompte: 10%                              Preu: 68.63&#10;&#10;First difference at position 543.&#10;Received: Impostos:  21% (14.41)                 T&lt;difference&gt;&#10;Expected: Impostos:  21% (14.41)                     Total: 83.04&#10;&lt;&lt;&lt;&lt;&lt;&lt;&lt;&lt;&lt;&lt; Diff end &lt;&lt;&lt;&lt;&lt;&lt;&lt;&lt;&lt;&lt;&#10; ==&gt; expected: &lt;true&gt; but was: &lt;false&gt;" type="org.opentest4j.AssertionFailedError"><![CDATA[org.opentest4j.AssertionFailedError: 
>>>>>>>>>> Diff found >>>>>>>>>>
Matching text:
...
Pere Vila, 25                    [estudiant, risc baix]
-------------------------------------------------------
Tipus                         Data                 Preu
Certificat                    2024-01-10          25.50
Fotocòpia                     2024-01-15          15.25
Segell                        2024-01-20          35.50
-------------------------------------------------------
                                            Suma: 76.25
Descompte: 10%                              Preu: 68.63

First difference at position 543.
Received: Impostos:  21% (14.41)                 T<difference>
Expected: Impostos:  21% (14.41)                     Total: 83.04
<<<<<<<<<< Diff end <<<<<<<<<<
 ==> expected: <true> but was: <false>
	at org.junit.jupiter.api.AssertionFailureBuilder.build(AssertionFailureBuilder.java:151)
	at org.junit.jupiter.api.AssertionFailureBuilder.buildAndThrow(AssertionFailureBuilder.java:132)
	at org.junit.jupiter.api.AssertTrue.failNotTrue(AssertTrue.java:63)
	at org.junit.jupiter.api.AssertTrue.assertTrue(AssertTrue.java:36)
	at org.junit.jupiter.api.Assertions.assertTrue(Assertions.java:214)
	at com.exercicis.TestExercici0.testTaulaOperacionsClient2(TestExercici0.java:900)
	at java.base/java.lang.reflect.Method.invoke(Method.java:580)
	at java.base/java.util.ArrayList.forEach(ArrayList.java:1597)
	at java.base/java.util.ArrayList.forEach(ArrayList.java:1597)
]]></failure>
  </testcase>
  <testcase name="testValidarTipusOperacio" classname="com.exercicis.TestExercici0" time="0.001"/>
  <testcase name="testValidarNom" classname="com.exercicis.TestExercici0" time="0.001"/>
  <testcase name="testObtenirOpcio" classname="com.exercicis.TestExercici0" time="0.007">
    <system-out><![CDATA[Selecciona una opció (número o paraula clau): Selecciona una opció (número o paraula clau): Selecciona una opció (número o paraula clau): Selecciona una opció (número o paraula clau): Selecciona una opció (número o paraula clau): Selecciona una opció (número o paraula clau): Selecciona una opció (número o paraula clau): Selecciona una opció (número o paraula clau): Selecciona una opció (número o paraula clau): Selecciona una opció (número o paraula clau): Selecciona una opció (número o paraula clau): Selecciona una opció (número o paraula clau): Selecciona una opció (número o paraula clau): Selecciona una opció (número o paraula clau): ]]></system-out>
  </testcase>
  <testcase name="testGeneraClauOperacio" classname="com.exercicis.TestExercici0" time="0.011"/>
  <testcase name="testDibuixarLlista" classname="com.exercicis.TestExercici0" time="0.001"/>
  <testcase name="testValidarDescompte" classname="com.exercicis.TestExercici0" time="0.001"/>
  <testcase name="testIsAllDigits" classname="com.exercicis.TestExercici0" time="0.004"/>
  <testcase name="testLlistarClientsMenu" classname="com.exercicis.TestExercici0" time="0.002"/>
  <testcase name="testValidarClients" classname="com.exercicis.TestExercici0" time="0.002"/>
  <testcase name="testLlistarOperacionsClient" classname="com.exercicis.TestExercici0" time="0.002"/>
  <testcase name="testLlegirDescompte" classname="com.exercicis.TestExercici0" time="0.003"/>
  <testcase name="testGetCadenesMenu" classname="com.exercicis.TestExercici0" time="0.002"/>
  <testcase name="testModificarClientMenu" classname="com.exercicis.TestExercici0" time="0.003">
    <failure message="Per l&apos;entrada &apos;client_100\nnom\nMaria\n&apos; a la línia 2:&#10;&gt;&gt;&gt;&gt;&gt;&gt;&gt;&gt;&gt;&gt; Diff found &gt;&gt;&gt;&gt;&gt;&gt;&gt;&gt;&gt;&gt;&#10;First difference at position 0.&#10;Received: E&lt;difference&gt;&#10;Expected: S&apos;ha modificat el client client_100.&#10;&#10;&lt;&lt;&lt;&lt;&lt;&lt;&lt;&lt;&lt;&lt; Diff end &lt;&lt;&lt;&lt;&lt;&lt;&lt;&lt;&lt;&lt;&#10; ==&gt; expected: &lt;true&gt; but was: &lt;false&gt;" type="org.opentest4j.AssertionFailedError"><![CDATA[org.opentest4j.AssertionFailedError: 
Per l'entrada 'client_100\nnom\nMaria\n' a la línia 2:
>>>>>>>>>> Diff found >>>>>>>>>>
First difference at position 0.
Received: E<difference>
Expected: S'ha modificat el client client_100.

<<<<<<<<<< Diff end <<<<<<<<<<
 ==> expected: <true> but was: <false>
	at org.junit.jupiter.api.AssertionFailureBuilder.build(AssertionFailureBuilder.java:151)
	at org.junit.jupiter.api.AssertionFailureBuilder.buildAndThrow(AssertionFailureBuilder.java:132)
	at org.junit.jupiter.api.AssertTrue.failNotTrue(AssertTrue.java:63)
	at org.junit.jupiter.api.AssertTrue.assertTrue(AssertTrue.java:36)
	at org.junit.jupiter.api.Assertions.assertTrue(Assertions.java:214)
	at com.exercicis.TestExercici0.testModificarClientMenu(TestExercici0.java:1351)
	at java.base/java.lang.reflect.Method.invoke(Method.java:580)
	at java.base/java.util.ArrayList.forEach(ArrayList.java:1597)
	at java.base/java.util.ArrayList.forEach(ArrayList.java:1597)
]]></failure>
  </testcase>
  <testcase name="testLlegirNom" classname="com.exercicis.TestExercici0" time="0.003"/>
  <testcase name="testAfegirClient" classname="com.exercicis.TestExercici0" time="0.001"/>
  <testcase name="testEsborrarOperacio" classname="com.exercicis.TestExercici0" time="0.001"/>
  <testcase name="testAfegirClientMenu" classname="com.exercicis.TestExercici0" time="0.003"/>
  <testcase name="testLlistarClients" classname="com.exercicis.TestExercici0" time="0.001"/>
  <testcase name="testAfegirOperacio" classname="com.exercicis.TestExercici0" time="0.001"/>
  <testcase name="testEsborrarClientMenu" classname="com.exercicis.TestExercici0" time="0.002"/>
  <testcase name="testLlegirEdat" classname="com.exercicis.TestExercici0" time="0.002">
    <failure message="Per l&apos;entrada &apos;17\n30\n&apos;: No s&apos;ha trobat el missatge d&apos;error esperat.&#10;Sortida capturada:&#10;Introdueix l&apos;edat del client (18-100): Edat no vàlida: Introdueix un número entre 18 i 100.&#10;Introdueix l&apos;edat del client (18-100):  ==&gt; expected: &lt;true&gt; but was: &lt;false&gt;" type="org.opentest4j.AssertionFailedError"><![CDATA[org.opentest4j.AssertionFailedError: 
Per l'entrada '17\n30\n': No s'ha trobat el missatge d'error esperat.
Sortida capturada:
Introdueix l'edat del client (18-100): Edat no vàlida: Introdueix un número entre 18 i 100.
Introdueix l'edat del client (18-100):  ==> expected: <true> but was: <false>
	at org.junit.jupiter.api.AssertionFailureBuilder.build(AssertionFailureBuilder.java:151)
	at org.junit.jupiter.api.AssertionFailureBuilder.buildAndThrow(AssertionFailureBuilder.java:132)
	at org.junit.jupiter.api.AssertTrue.failNotTrue(AssertTrue.java:63)
	at org.junit.jupiter.api.AssertTrue.assertTrue(AssertTrue.java:36)
	at org.junit.jupiter.api.Assertions.assertTrue(Assertions.java:214)
	at com.exercicis.TestExercici0.testLlegirEdat(TestExercici0.java:1116)
	at java.base/java.lang.reflect.Method.invoke(Method.java:580)
	at java.base/java.util.ArrayList.forEach(ArrayList.java:1597)
	at java.base/java.util.ArrayList.forEach(ArrayList.java:1597)
]]></failure>
  </testcase>
  <testcase name="testGeneraClauClient" classname="com.exercicis.TestExercici0" time="0.01"/>
  <testcase name="testAlineaColumnes" classname="com.exercicis.TestExercici0" time="0.0"/>
</testsuite>